smtprk android app/app/build/intermediates/manifest_merge_blame_file/debug/manifest-merger-blame-debug-report.txt
1<?xml version="1.0" encoding="utf-8"?>
2<manifest xmlns:android="http://schemas.android.com/apk/res/android"
3    package="com.example.smtprk"
4    android:versionCode="1"
5    android:versionName="1.0" >
6
7    <uses-sdk
8        android:minSdkVersion="14"
8-->src\main\AndroidManifest.xml
9        android:targetSdkVersion="29" />
9-->src\main\AndroidManifest.xml
10
11    <!--
12         The ACCESS_COARSE/FINE_LOCATION permissions are not required to use
13         Google Maps Android API v2, but you must specify either coarse or fine
14         location permissions for the 'MyLocation' functionality.
15    -->
16    <uses-permission android:name="android.permission.ACCESS_FINE_LOCATION" />
16-->src\main\AndroidManifest.xml:12:5-79
16-->src\main\AndroidManifest.xml:12:22-76
17
18    <!--
19         The ACCESS_COARSE/FINE_LOCATION permissions are not required to use
20         Google Maps Android API v2, but you must specify either coarse or fine
21         location permissions for the 'MyLocation' functionality.
22    -->
23    <uses-permission android:name="android.permission.INTERNET" />
23-->src\main\AndroidManifest.xml:19:5-67
23-->src\main\AndroidManifest.xml:19:22-64
24    <uses-permission android:name="android.permission.WRITE_EXTERNAL_STORAGE" />
24-->src\main\AndroidManifest.xml:20:5-81
24-->src\main\AndroidManifest.xml:20:22-78
25    <uses-permission android:name="com.google.android.providers.gsf.permission.READ_GSERVICES" />
25-->src\main\AndroidManifest.xml:21:5-98
25-->src\main\AndroidManifest.xml:21:22-95
26    <uses-permission android:name="android.permission.ACCESS_COARSE_LOCATION" />
26-->src\main\AndroidManifest.xml:22:5-81
26-->src\main\AndroidManifest.xml:22:22-78
27
28    <!-- Include required permissions for Google Maps API to run. -->
29    <uses-permission android:name="android.permission.ACCESS_NETWORK_STATE" />
29-->[com.google.android.gms:play-services-maps:17.0.0] AndroidManifest.xml:23:5-79
29-->[com.google.android.gms:play-services-maps:17.0.0] AndroidManifest.xml:23:22-76
30
31    <uses-feature
31-->[com.google.android.gms:play-services-maps:17.0.0] AndroidManifest.xml:26:5-28:35
32        android:glEsVersion="0x00020000"
32-->[com.google.android.gms:play-services-maps:17.0.0] AndroidManifest.xml:27:9-41
33        android:required="true" />
33-->[com.google.android.gms:play-services-maps:17.0.0] AndroidManifest.xml:28:9-32
34
35    <application
35-->src\main\AndroidManifest.xml:24:5-69:19
36        android:name="com.example.smtprk.app.AppController"
36-->src\main\AndroidManifest.xml:25:9-42
37        android:allowBackup="true"
37-->src\main\AndroidManifest.xml:26:9-35
38        android:appComponentFactory="androidx.core.app.CoreComponentFactory"
38-->[androidx.core:core:1.1.0] AndroidManifest.xml:24:18-86
39        android:debuggable="true"
40        android:icon="@drawable/icon"
40-->src\main\AndroidManifest.xml:27:9-38
41        android:label="@string/app_name" >
41-->src\main\AndroidManifest.xml:28:9-41
42
43        <!--
44             The API key for Google Maps-based APIs is defined as a string resource.
45             (See the file "res/values/google_maps_api.xml").
46             Note that the API key is linked to the encryption key used to sign the APK.
47             You need a different API key for each encryption key, including the release key that is used to
48             sign the APK for publishing.
49             You can define the keys for the debug and release targets in src/debug/ and src/release/.
50        -->
51        <meta-data
51-->src\main\AndroidManifest.xml:38:9-40:55
52            android:name="com.google.android.geo.API_KEY"
52-->src\main\AndroidManifest.xml:39:13-58
53            android:value="@string/google_maps_key" />
53-->src\main\AndroidManifest.xml:40:13-52
54
55        <activity
55-->src\main\AndroidManifest.xml:42:9-44:69
56            android:name="com.example.smtprk.activity.MapsActivity2"
56-->src\main\AndroidManifest.xml:43:13-51
57            android:label="@string/title_activity_maps2" />
57-->src\main\AndroidManifest.xml:44:13-57
58        <activity android:name="com.example.smtprk.activity.DestinationActivity" />
58-->src\main\AndroidManifest.xml:45:9-66
58-->src\main\AndroidManifest.xml:45:19-63
59        <activity
59-->src\main\AndroidManifest.xml:46:9-48:59
60            android:name="com.example.smtprk.activity.MapsActivity"
60-->src\main\AndroidManifest.xml:47:13-50
61            android:label="@string/title_activity_maps" />
61-->src\main\AndroidManifest.xml:48:13-56
62        <activity
62-->src\main\AndroidManifest.xml:49:9-59:20
63            android:name="com.example.smtprk.activity.LoginActivity"
63-->src\main\AndroidManifest.xml:50:13-51
64            android:label="@string/app_name"
64-->src\main\AndroidManifest.xml:51:13-45
65            android:launchMode="singleTop"
65-->src\main\AndroidManifest.xml:52:13-43
66            android:windowSoftInputMode="adjustPan" >
66-->src\main\AndroidManifest.xml:53:13-52
67            <intent-filter>
67-->src\main\AndroidManifest.xml:54:13-58:29
68                <action android:name="android.intent.action.MAIN" />
68-->src\main\AndroidManifest.xml:55:17-69
68-->src\main\AndroidManifest.xml:55:25-66
69
70                <category android:name="android.intent.category.LAUNCHER" />
70-->src\main\AndroidManifest.xml:57:17-77
70-->src\main\AndroidManifest.xml:57:27-74
71            </intent-filter>
72        </activity>
73        <activity
73-->src\main\AndroidManifest.xml:60:9-64:55
74            android:name="com.example.smtprk.activity.RegisterActivity"
74-->src\main\AndroidManifest.xml:61:13-54
75            android:label="@string/app_name"
75-->src\main\AndroidManifest.xml:62:13-45
76            android:launchMode="singleTop"
76-->src\main\AndroidManifest.xml:63:13-43
77            android:windowSoftInputMode="adjustPan" />
77-->src\main\AndroidManifest.xml:64:13-52
78        <activity
78-->src\main\AndroidManifest.xml:65:9-68:46
79            android:name="com.example.smtprk.activity.MainActivity"
79-->src\main\AndroidManifest.xml:66:13-50
80            android:label="@string/app_name"
80-->src\main\AndroidManifest.xml:67:13-45
81            android:launchMode="singleTop" />
81-->src\main\AndroidManifest.xml:68:13-43
82        <!-- Needs to be explicitly declared on P+ -->
83        <uses-library
83-->[com.google.android.gms:play-services-maps:17.0.0] AndroidManifest.xml:33:9-35:40
84            android:name="org.apache.http.legacy"
84-->[com.google.android.gms:play-services-maps:17.0.0] AndroidManifest.xml:34:13-50
85            android:required="false" />
85-->[com.google.android.gms:play-services-maps:17.0.0] AndroidManifest.xml:35:13-37
86
87        <activity
87-->[com.google.android.gms:play-services-base:17.0.0] AndroidManifest.xml:23:9-26:75
88            android:name="com.google.android.gms.common.api.GoogleApiActivity"
88-->[com.google.android.gms:play-services-base:17.0.0] AndroidManifest.xml:24:13-79
89            android:exported="false"
89-->[com.google.android.gms:play-services-base:17.0.0] AndroidManifest.xml:25:13-37
90            android:theme="@android:style/Theme.Translucent.NoTitleBar" />
90-->[com.google.android.gms:play-services-base:17.0.0] AndroidManifest.xml:26:13-72
91
92        <meta-data
92-->[com.google.android.gms:play-services-basement:17.0.0] AndroidManifest.xml:23:9-25:69
93            android:name="com.google.android.gms.version"
93-->[com.google.android.gms:play-services-basement:17.0.0] AndroidManifest.xml:24:13-58
94            android:value="@integer/google_play_services_version" />
94-->[com.google.android.gms:play-services-basement:17.0.0] AndroidManifest.xml:25:13-66
95    </application>
96
97</manifest>